app/build/intermediates/manifest_merge_blame_file/debug/processDebugMainManifest/manifest-merger-blame-debug-report.txt
1<?xml version="1.0" encoding="utf-8"?>
2<manifest xmlns:android="http://schemas.android.com/apk/res/android"
3    package="cg.bouncycube"
4    android:versionCode="1"
5    android:versionName="1.0" >
6
7    <uses-sdk
8        android:minSdkVersion="21"
9        android:targetSdkVersion="33" />
10
11    <application
11-->src\main\AndroidManifest.xml:3:5-17:19
12        android:allowBackup="true"
12-->src\main\AndroidManifest.xml:4:9-35
13        android:debuggable="true"
14        android:extractNativeLibs="true"
15        android:label="Lab3 BouncyCube"
15-->src\main\AndroidManifest.xml:5:9-40
16        android:supportsRtl="true"
16-->src\main\AndroidManifest.xml:6:9-35
17        android:testOnly="true"
18        android:theme="@style/AppTheme" >
18-->src\main\AndroidManifest.xml:7:9-40
19        <activity
19-->src\main\AndroidManifest.xml:8:9-16:20
20            android:name="cg.bouncycube.BouncyCubeActivity"
20-->src\main\AndroidManifest.xml:9:13-47
21            android:exported="true"
21-->src\main\AndroidManifest.xml:10:13-36
22            android:screenOrientation="portrait" >
22-->src\main\AndroidManifest.xml:11:13-49
23            <intent-filter>
23-->src\main\AndroidManifest.xml:12:13-15:29
24                <action android:name="android.intent.action.MAIN" />
24-->src\main\AndroidManifest.xml:13:17-69
24-->src\main\AndroidManifest.xml:13:25-66
25
26                <category android:name="android.intent.category.LAUNCHER" />
26-->src\main\AndroidManifest.xml:14:17-77
26-->src\main\AndroidManifest.xml:14:27-74
27            </intent-filter>
28        </activity>
29    </application>
30
31</manifest>